<?xml version="1.0" encoding="UTF-8"?>
<testsuite xmlns:xsi="http://www.w3.org/2001/XMLSchema-instance" xsi:noNamespaceSchemaLocation="https://maven.apache.org/surefire/maven-surefire-plugin/xsd/surefire-test-report.xsd" name="com.learnMaven.simpleAppTest" time="0.008" tests="4" errors="0" skipped="0" failures="0">
  <properties>
[...]
</properties>
  <testcase name="wrongReturnStatementTest" classname="com.learnMaven.simpleAppTest" time="0.005"/>
  <testcase name="notNullReturnStatementTest" classname="com.learnMaven.simpleAppTest" time="0.001"/>
  <testcase name="trueReturnStatementTest" classname="com.learnMaven.simpleAppTest" time="0"/>
  <testcase name="rightReturnStatementTest" classname="com.learnMaven.simpleAppTest" time="0.001"/>
</testsuite>